<?xml version="1.0" encoding="UTF-8"?>
<coverage generated="1681407839161" clover="3.2.0">
  <project timestamp="1681407839162" name="All files">
    <metrics statements="34" coveredstatements="21" conditionals="10" coveredconditionals="4" methods="12" coveredmethods="8" elements="56" coveredelements="33" complexity="0" loc="34" ncloc="34" packages="1" files="3" classes="3"/>
    <file name="Task.js" path="C:\Users\oscar\repos\Module2\ToDoList-webpack\src\Task.js">
      <metrics statements="3" coveredstatements="3" conditionals="2" coveredconditionals="0" methods="1" coveredmethods="1"/>
      <line num="3" count="2" type="stmt"/>
      <line num="4" count="2" type="stmt"/>
      <line num="5" count="2" type="stmt"/>
    </file>
    <file name="TaskActions.js" path="C:\Users\oscar\repos\Module2\ToDoList-webpack\src\TaskActions.js">
      <metrics statements="14" coveredstatements="7" conditionals="4" coveredconditionals="1" methods="4" coveredmethods="2"/>
      <line num="13" count="2" type="stmt"/>
      <line num="14" count="2" type="cond" truecount="1" falsecount="1"/>
      <line num="16" count="2" type="stmt"/>
      <line num="17" count="2" type="stmt"/>
      <line num="18" count="2" type="stmt"/>
      <line num="35" count="1" type="stmt"/>
      <line num="36" count="1" type="stmt"/>
      <line num="40" count="0" type="stmt"/>
      <line num="41" count="0" type="cond" truecount="0" falsecount="2"/>
      <line num="42" count="0" type="stmt"/>
      <line num="45" count="0" type="stmt"/>
      <line num="46" count="0" type="stmt"/>
      <line num="50" count="0" type="stmt"/>
      <line num="51" count="0" type="stmt"/>
    </file>
    <file name="TaskManager.js" path="C:\Users\oscar\repos\Module2\ToDoList-webpack\src\TaskManager.js">
      <metrics statements="17" coveredstatements="11" conditionals="4" coveredconditionals="3" methods="7" coveredmethods="5"/>
      <line num="5" count="2" type="cond" truecount="2" falsecount="0"/>
      <line num="9" count="2" type="stmt"/>
      <line num="10" count="2" type="stmt"/>
      <line num="11" count="2" type="stmt"/>
      <line num="15" count="1" type="cond" truecount="1" falsecount="1"/>
      <line num="16" count="0" type="stmt"/>
      <line num="18" count="1" type="stmt"/>
      <line num="19" count="1" type="stmt"/>
      <line num="20" count="1" type="stmt"/>
      <line num="21" count="1" type="stmt"/>
      <line num="25" count="0" type="stmt"/>
      <line num="26" count="0" type="stmt"/>
      <line num="30" count="0" type="stmt"/>
      <line num="31" count="0" type="stmt"/>
      <line num="35" count="3" type="stmt"/>
      <line num="39" count="1" type="stmt"/>
      <line num="40" count="0" type="stmt"/>
    </file>
  </project>
</coverage>
