{"/Users/federicaulzurrun/Documents/MICROVERSE/Module 2/testingLarry/ToDoList-webpack/src/Task.js": {"path":"/Users/federicaulzurrun/Documents/MICROVERSE/Module 2/testingLarry/ToDoList-webpack/src/Task.js","statementMap":{"0":{"start":{"line":3,"column":4},"end":{"line":3,"column":35}},"1":{"start":{"line":4,"column":4},"end":{"line":4,"column":31}},"2":{"start":{"line":5,"column":4},"end":{"line":5,"column":23}}},"fnMap":{"0":{"name":"(anonymous_0)","decl":{"start":{"line":2,"column":2},"end":{"line":2,"column":3}},"loc":{"start":{"line":2,"column":57},"end":{"line":6,"column":3}},"line":2}},"branchMap":{"0":{"loc":{"start":{"line":2,"column":27},"end":{"line":2,"column":44}},"type":"default-arg","locations":[{"start":{"line":2,"column":39},"end":{"line":2,"column":44}}],"line":2},"1":{"loc":{"start":{"line":2,"column":46},"end":{"line":2,"column":55}},"type":"default-arg","locations":[{"start":{"line":2,"column":54},"end":{"line":2,"column":55}}],"line":2}},"s":{"0":1,"1":1,"2":1},"f":{"0":1},"b":{"0":[0],"1":[0]},"_coverageSchema":"1a1c01bbd47fc00a2c39e90264f33305004495a9","hash":"2f024023e7d6a9018d8840164e79e648a9b0129b"}
,"/Users/federicaulzurrun/Documents/MICROVERSE/Module 2/testingLarry/ToDoList-webpack/src/TaskActions.js": {"path":"/Users/federicaulzurrun/Documents/MICROVERSE/Module 2/testingLarry/ToDoList-webpack/src/TaskActions.js","statementMap":{"0":{"start":{"line":11,"column":16},"end":{"line":11,"column":51}},"1":{"start":{"line":12,"column":2},"end":{"line":14,"column":3}},"2":{"start":{"line":13,"column":4},"end":{"line":13,"column":11}},"3":{"start":{"line":15,"column":22},"end":{"line":15,"column":40}},"4":{"start":{"line":16,"column":2},"end":{"line":18,"column":3}},"5":{"start":{"line":17,"column":4},"end":{"line":17,"column":11}},"6":{"start":{"line":19,"column":2},"end":{"line":19,"column":35}},"7":{"start":{"line":20,"column":2},"end":{"line":20,"column":19}},"8":{"start":{"line":21,"column":2},"end":{"line":21,"column":16}},"9":{"start":{"line":25,"column":2},"end":{"line":25,"column":32}},"10":{"start":{"line":26,"column":2},"end":{"line":26,"column":16}},"11":{"start":{"line":30,"column":22},"end":{"line":30,"column":47}},"12":{"start":{"line":31,"column":2},"end":{"line":33,"column":3}},"13":{"start":{"line":32,"column":4},"end":{"line":32,"column":11}},"14":{"start":{"line":35,"column":2},"end":{"line":35,"column":45}},"15":{"start":{"line":36,"column":2},"end":{"line":36,"column":16}},"16":{"start":{"line":40,"column":2},"end":{"line":40,"column":32}},"17":{"start":{"line":41,"column":2},"end":{"line":41,"column":16}}},"fnMap":{"0":{"name":"addTask","decl":{"start":{"line":1,"column":9},"end":{"line":1,"column":16}},"loc":{"start":{"line":1,"column":43},"end":{"line":22,"column":1}},"line":1},"1":{"name":"removeTask","decl":{"start":{"line":24,"column":9},"end":{"line":24,"column":19}},"loc":{"start":{"line":24,"column":53},"end":{"line":27,"column":1}},"line":24},"2":{"name":"updateTask","decl":{"start":{"line":29,"column":9},"end":{"line":29,"column":19}},"loc":{"start":{"line":29,"column":67},"end":{"line":37,"column":1}},"line":29},"3":{"name":"toggleTask","decl":{"start":{"line":39,"column":9},"end":{"line":39,"column":19}},"loc":{"start":{"line":39,"column":53},"end":{"line":42,"column":1}},"line":39}},"branchMap":{"0":{"loc":{"start":{"line":12,"column":2},"end":{"line":14,"column":3}},"type":"if","locations":[{"start":{"line":12,"column":2},"end":{"line":14,"column":3}},{"start":{},"end":{}}],"line":12},"1":{"loc":{"start":{"line":16,"column":2},"end":{"line":18,"column":3}},"type":"if","locations":[{"start":{"line":16,"column":2},"end":{"line":18,"column":3}},{"start":{},"end":{}}],"line":16},"2":{"loc":{"start":{"line":31,"column":2},"end":{"line":33,"column":3}},"type":"if","locations":[{"start":{"line":31,"column":2},"end":{"line":33,"column":3}},{"start":{},"end":{}}],"line":31}},"s":{"0":2,"1":2,"2":1,"3":1,"4":1,"5":0,"6":1,"7":1,"8":1,"9":1,"10":1,"11":0,"12":0,"13":0,"14":0,"15":0,"16":0,"17":0},"f":{"0":2,"1":1,"2":0,"3":0},"b":{"0":[1,1],"1":[0,1],"2":[0,0]},"_coverageSchema":"1a1c01bbd47fc00a2c39e90264f33305004495a9","hash":"994da74e34b6aad5f4e4eb017a8306ae06514845"}
,"/Users/federicaulzurrun/Documents/MICROVERSE/Module 2/testingLarry/ToDoList-webpack/src/TaskManager.js": {"path":"/Users/federicaulzurrun/Documents/MICROVERSE/Module 2/testingLarry/ToDoList-webpack/src/TaskManager.js","statementMap":{"0":{"start":{"line":5,"column":4},"end":{"line":5,"column":65}},"1":{"start":{"line":9,"column":17},"end":{"line":9,"column":68}},"2":{"start":{"line":10,"column":4},"end":{"line":10,"column":26}},"3":{"start":{"line":11,"column":4},"end":{"line":11,"column":16}},"4":{"start":{"line":15,"column":4},"end":{"line":17,"column":5}},"5":{"start":{"line":16,"column":6},"end":{"line":16,"column":16}},"6":{"start":{"line":18,"column":4},"end":{"line":18,"column":32}},"7":{"start":{"line":19,"column":4},"end":{"line":19,"column":22}},"8":{"start":{"line":20,"column":4},"end":{"line":20,"column":16}},"9":{"start":{"line":21,"column":4},"end":{"line":21,"column":13}},"10":{"start":{"line":25,"column":4},"end":{"line":25,"column":48}},"11":{"start":{"line":26,"column":4},"end":{"line":26,"column":16}},"12":{"start":{"line":30,"column":4},"end":{"line":30,"column":63}},"13":{"start":{"line":31,"column":4},"end":{"line":31,"column":16}},"14":{"start":{"line":35,"column":4},"end":{"line":35,"column":62}},"15":{"start":{"line":39,"column":4},"end":{"line":41,"column":5}},"16":{"start":{"line":39,"column":17},"end":{"line":39,"column":18}},"17":{"start":{"line":40,"column":6},"end":{"line":40,"column":34}}},"fnMap":{"0":{"name":"(anonymous_0)","decl":{"start":{"line":4,"column":2},"end":{"line":4,"column":3}},"loc":{"start":{"line":4,"column":16},"end":{"line":6,"column":3}},"line":4},"1":{"name":"(anonymous_1)","decl":{"start":{"line":8,"column":2},"end":{"line":8,"column":3}},"loc":{"start":{"line":8,"column":23},"end":{"line":12,"column":3}},"line":8},"2":{"name":"(anonymous_2)","decl":{"start":{"line":14,"column":2},"end":{"line":14,"column":3}},"loc":{"start":{"line":14,"column":20},"end":{"line":22,"column":3}},"line":14},"3":{"name":"(anonymous_3)","decl":{"start":{"line":24,"column":2},"end":{"line":24,"column":3}},"loc":{"start":{"line":24,"column":33},"end":{"line":27,"column":3}},"line":24},"4":{"name":"(anonymous_4)","decl":{"start":{"line":29,"column":2},"end":{"line":29,"column":3}},"loc":{"start":{"line":29,"column":20},"end":{"line":32,"column":3}},"line":29},"5":{"name":"(anonymous_5)","decl":{"start":{"line":34,"column":2},"end":{"line":34,"column":3}},"loc":{"start":{"line":34,"column":9},"end":{"line":36,"column":3}},"line":34},"6":{"name":"(anonymous_6)","decl":{"start":{"line":38,"column":2},"end":{"line":38,"column":3}},"loc":{"start":{"line":38,"column":15},"end":{"line":42,"column":3}},"line":38}},"branchMap":{"0":{"loc":{"start":{"line":5,"column":17},"end":{"line":5,"column":64}},"type":"binary-expr","locations":[{"start":{"line":5,"column":17},"end":{"line":5,"column":58}},{"start":{"line":5,"column":62},"end":{"line":5,"column":64}}],"line":5},"1":{"loc":{"start":{"line":15,"column":4},"end":{"line":17,"column":5}},"type":"if","locations":[{"start":{"line":15,"column":4},"end":{"line":17,"column":5}},{"start":{},"end":{}}],"line":15}},"s":{"0":2,"1":1,"2":1,"3":1,"4":1,"5":1,"6":0,"7":0,"8":0,"9":0,"10":0,"11":0,"12":0,"13":0,"14":1,"15":0,"16":0,"17":0},"f":{"0":2,"1":1,"2":1,"3":0,"4":0,"5":1,"6":0},"b":{"0":[2,2],"1":[1,0]},"_coverageSchema":"1a1c01bbd47fc00a2c39e90264f33305004495a9","hash":"98939025ae54ce5a5a8d51f3c65b545274aa57c8"}
}
