TN:
SF:src\Task.js
FN:2,(anonymous_0)
FNF:1
FNH:1
FNDA:2,(anonymous_0)
DA:3,2
DA:4,2
DA:5,2
LF:3
LH:3
BRDA:2,0,0,0
BRDA:2,1,0,0
BRF:2
BRH:0
end_of_record
TN:
SF:src\TaskActions.js
FN:1,addTask
FN:34,removeTask
FN:39,updateTask
FN:49,toggleTask
FNF:4
FNH:2
FNDA:2,addTask
FNDA:1,removeTask
FNDA:0,updateTask
FNDA:0,toggleTask
DA:13,2
DA:14,2
DA:16,2
DA:17,2
DA:18,2
DA:35,1
DA:36,1
DA:40,0
DA:41,0
DA:42,0
DA:45,0
DA:46,0
DA:50,0
DA:51,0
LF:14
LH:7
BRDA:14,0,0,0
BRDA:14,0,1,2
BRDA:41,1,0,0
BRDA:41,1,1,0
BRF:4
BRH:1
end_of_record
TN:
SF:src\TaskManager.js
FN:4,(anonymous_0)
FN:8,(anonymous_1)
FN:14,(anonymous_2)
FN:24,(anonymous_3)
FN:29,(anonymous_4)
FN:34,(anonymous_5)
FN:38,(anonymous_6)
FNF:7
FNH:5
FNDA:2,(anonymous_0)
FNDA:2,(anonymous_1)
FNDA:1,(anonymous_2)
FNDA:0,(anonymous_3)
FNDA:0,(anonymous_4)
FNDA:3,(anonymous_5)
FNDA:1,(anonymous_6)
DA:5,2
DA:9,2
DA:10,2
DA:11,2
DA:15,1
DA:16,0
DA:18,1
DA:19,1
DA:20,1
DA:21,1
DA:25,0
DA:26,0
DA:30,0
DA:31,0
DA:35,3
DA:39,1
DA:40,0
LF:17
LH:11
BRDA:5,0,0,2
BRDA:5,0,1,2
BRDA:15,1,0,0
BRDA:15,1,1,1
BRF:4
BRH:3
end_of_record
